<?xml version="1.0" encoding="UTF-8"?>
<!-- Generated by org.testng.reporters.JUnitReportReporter -->
<testsuite hostname="LAPTOP-QMLJP549" name="script.LoginTest" tests="1" failures="0" timestamp="1 Jul 2019 08:38:19 GMT" time="135.365" errors="0">
  <testcase name="testValidLogin" time="135.365" classname="script.LoginTest"/>
</testsuite> <!-- script.LoginTest -->
